<?xml version="1.0" encoding="UTF-8"?>
<!-- Generated by org.testng.reporters.JUnitReportReporter -->
<testsuite hostname="DESKTOP-05S7GPM" failures="0" tests="1" name="cucumberoptions.RunCukeTest" time="6.497" errors="0" timestamp="2024-12-05T16:53:26 ICT" skipped="0">
  <testcase classname="cucumberoptions.RunCukeTest" name="feature" time="6.497"/>
  <system-out/>
</testsuite> <!-- cucumberoptions.RunCukeTest -->
